=== Debug Log Started: 2025-09-01T22:47:16.284Z ===
Log Mode: overwrite
Log File: ./logs/debug.log
============================================================

[2025-09-01T22:47:16.285Z] [INFO] Initializing Workarea UI Scraper...
[2025-09-01T22:47:16.286Z] [INFO] Initializing Workarea UI Scraper...
[2025-09-01T22:47:16.289Z] [INFO] 
Available searches:
[2025-09-01T22:47:16.289Z] [INFO] 
BMW Z3 (ENABLED):
[2025-09-01T22:47:16.290Z] [INFO]   Description: BMW Z3 coupe listings
[2025-09-01T22:47:16.290Z] [INFO]   Frequency: hourly
[2025-09-01T22:47:16.290Z] [INFO]   Priority: high
[2025-09-01T22:47:16.291Z] [INFO]   Active sites: craigslist, facebook_marketplace, cargurus
[2025-09-01T22:47:16.291Z] [INFO]   Price range: 0 - 50000
[2025-09-01T22:47:16.291Z] [INFO]   Notifications: enabled
[2025-09-01T22:47:16.292Z] [INFO] 
Mazda Miata (DISABLED):
[2025-09-01T22:47:16.292Z] [INFO]   Description: Mazda Miata listings
[2025-09-01T22:47:16.293Z] [INFO]   Frequency: daily
[2025-09-01T22:47:16.293Z] [INFO]   Priority: medium
[2025-09-01T22:47:16.294Z] [INFO]   Active sites: craigslist, facebook_marketplace, cargurus
[2025-09-01T22:47:16.294Z] [INFO]   Price range: 2000 - 30000
[2025-09-01T22:47:16.296Z] [INFO]   Notifications: enabled
[2025-09-01T22:47:16.296Z] [INFO] 
Porsche 911 (DISABLED):
[2025-09-01T22:47:16.297Z] [INFO]   Description: Porsche 911 sports car listings
[2025-09-01T22:47:16.297Z] [INFO]   Frequency: every_30_minutes
[2025-09-01T22:47:16.297Z] [INFO]   Priority: high
[2025-09-01T22:47:16.298Z] [INFO]   Active sites: craigslist
[2025-09-01T22:47:16.298Z] [INFO]   Price range: 15000 - 200000
[2025-09-01T22:47:16.298Z] [INFO]   Notifications: enabled
[2025-09-01T22:47:16.299Z] [INFO] 
Available searches:
[2025-09-01T22:47:16.299Z] [INFO] 
BMW Z3 (ENABLED):
[2025-09-01T22:47:16.299Z] [INFO]   Description: BMW Z3 coupe listings
[2025-09-01T22:47:16.299Z] [INFO]   Frequency: hourly
[2025-09-01T22:47:16.300Z] [INFO]   Priority: high
[2025-09-01T22:47:16.300Z] [INFO]   Active sites: craigslist, facebook_marketplace, cargurus
[2025-09-01T22:47:16.300Z] [INFO]   Price range: 0 - 50000
[2025-09-01T22:47:16.301Z] [INFO]   Notifications: enabled
[2025-09-01T22:47:16.301Z] [INFO] 
Mazda Miata (DISABLED):
[2025-09-01T22:47:16.301Z] [INFO]   Description: Mazda Miata listings
[2025-09-01T22:47:16.301Z] [INFO]   Frequency: daily
[2025-09-01T22:47:16.302Z] [INFO]   Priority: medium
[2025-09-01T22:47:16.302Z] [INFO]   Active sites: craigslist, facebook_marketplace, cargurus
[2025-09-01T22:47:16.302Z] [INFO]   Price range: 2000 - 30000
[2025-09-01T22:47:16.303Z] [INFO]   Notifications: enabled
[2025-09-01T22:47:16.303Z] [INFO] 
Porsche 911 (DISABLED):
[2025-09-01T22:47:16.303Z] [INFO]   Description: Porsche 911 sports car listings
[2025-09-01T22:47:16.303Z] [INFO]   Frequency: every_30_minutes
[2025-09-01T22:47:16.304Z] [INFO]   Priority: high
[2025-09-01T22:47:16.304Z] [INFO]   Active sites: craigslist
[2025-09-01T22:47:16.304Z] [INFO]   Price range: 15000 - 200000
[2025-09-01T22:47:16.304Z] [INFO]   Notifications: enabled
[2025-09-01T22:47:16.305Z] [INFO] Workarea UI Scraper initialized successfully
[2025-09-01T22:47:16.305Z] [INFO] Workarea UI Scraper initialized successfully
[2025-09-01T22:47:16.305Z] [INFO] 
=== Running specific search: BMW Z3 (cargurus only) ===
[2025-09-01T22:47:16.306Z] [INFO] 
=== Running search: BMW Z3 ===
[2025-09-01T22:47:16.306Z] [INFO] Description: BMW Z3 coupe listings
[2025-09-01T22:47:16.307Z] [INFO] 
--- Scraping cargurus for BMW Z3 ---
[2025-09-01T22:47:16.307Z] [INFO] Starting modular scrape of: https://www.cargurus.com/Cars/inventorylisting/viewDetailsFilterViewInventoryListing.action?sourceContext=carGurusHomePageModel&entitySelectingHelper.selectedEntity=&maxMileage=90000&transmissionTypes=MANUAL
[2025-09-01T22:47:16.308Z] [INFO] Using scraper for: CarGurus
[2025-09-01T22:47:16.308Z] [INFO] Initializing CarGurus scraper...
[2025-09-01T22:47:16.308Z] [WARN] [1m[43m[30m
  Puppeteer old Headless deprecation warning:[0m[33m
    In the near future `headless: true` will default to the new Headless mode
    for Chrome instead of the old Headless implementation. For more
    information, please see https://developer.chrome.com/articles/new-headless/.
    Consider opting in early by passing `headless: "new"` to `puppeteer.launch()`
    If you encounter any bugs, please report them to https://github.com/puppeteer/puppeteer/issues/new/choose.[0m

[2025-09-01T22:47:18.319Z] [INFO] CarGurus scraper initialized successfully
[2025-09-01T22:47:18.321Z] [INFO] Starting CarGurus scrape of: https://www.cargurus.com/Cars/inventorylisting/viewDetailsFilterViewInventoryListing.action?sourceContext=carGurusHomePageModel&entitySelectingHelper.selectedEntity=&maxMileage=90000&transmissionTypes=MANUAL
[2025-09-01T22:47:18.321Z] [INFO] Navigating to CarGurus search: https://www.cargurus.com/Cars/inventorylisting/viewDetailsFilterViewInventoryListing.action?sourceContext=carGurusHomePageModel&entitySelectingHelper.selectedEntity=&maxMileage=90000&transmissionTypes=MANUAL
[2025-09-01T22:47:35.010Z] [INFO] Alternative selector div[data-cg-ft*='listing'] not found
[2025-09-01T22:47:38.054Z] [INFO] Alternative selector .searchResults not found
[2025-09-01T22:47:41.070Z] [INFO] Alternative selector #searchResultsContainer not found
[2025-09-01T22:47:44.079Z] [INFO] Alternative selector div.listing not found
[2025-09-01T22:47:44.080Z] [ERROR] Error scraping CarGurus: Could not find expected content on CarGurus page using selectors: div[data-cg-ft*='search-results'], div[data-cg-ft*='listings'], #mainContent, [data-cg-ft*='main'], div[data-cg-ft*='listing'], .searchResults, #searchResultsContainer, div.listing
[2025-09-01T22:47:44.080Z] [ERROR] Error in modular scraping for CarGurus: Could not find expected content on CarGurus page using selectors: div[data-cg-ft*='search-results'], div[data-cg-ft*='listings'], #mainContent, [data-cg-ft*='main'], div[data-cg-ft*='listing'], .searchResults, #searchResultsContainer, div.listing
[2025-09-01T22:47:44.456Z] [INFO] CarGurus scraper closed
[2025-09-01T22:47:44.458Z] [ERROR] Error scraping cargurus for BMW Z3: Could not find expected content on CarGurus page using selectors: div[data-cg-ft*='search-results'], div[data-cg-ft*='listings'], #mainContent, [data-cg-ft*='main'], div[data-cg-ft*='listing'], .searchResults, #searchResultsContainer, div.listing
[2025-09-01T22:47:44.460Z] [INFO] 
=== Search completed: 0 total results ===
[2025-09-01T22:47:44.462Z] [INFO] 
Scraping completed successfully!
[2025-09-01T22:47:44.463Z] [INFO] Scraping completed successfully

============================================================
=== Debug Log Ended: 2025-09-01T22:47:44.465Z ===
Total log entries: 70
